<?xml version="1.0" encoding="UTF-8"?>
<!-- Generated by org.testng.reporters.JUnitXMLReporter -->
<testsuite hostname="QiuZidanes-MacBookAir.local" ignored="1" name="Default test" tests="5" failures="0" timestamp="07 二月 2017 07:16:12 GMT" time="0.066" errors="0">
  <testcase name="f" time="0.014" classname="testng.DataTest"/>
  <testcase name="f" time="0.004" classname="testng.DataTest"/>
  <testcase name="被依赖方法0" time="0.003" classname="testng.DataTest"/>
  <testcase name="被依赖方法1" time="0.002" classname="testng.DataTest"/>
  <testcase name="依赖别人的方法" time="0.002" classname="testng.DataTest"/>
  <testcase name="disableFunc" time="0.0" classname="testng.DataTest">
    <ignored/>
  </testcase> <!-- disableFunc -->
</testsuite> <!-- Default test -->
