<?xml version="1.0" encoding="UTF-8"?>
<!-- Generated by org.testng.reporters.JUnitXMLReporter -->
<testsuite hostname="QiuZidanes-MacBookAir.local" ignored="0" name="TestMethods" tests="10" failures="0" timestamp="07 二月 2017 03:13:08 GMT" time="0.063" errors="0">
  <testcase name="testServer" time="0.01" classname="testng.TestngFactoryTest"/>
  <testcase name="testServer" time="0.002" classname="testng.TestngFactoryTest"/>
  <testcase name="testServer" time="0.002" classname="testng.TestngFactoryTest"/>
  <testcase name="testServer" time="0.002" classname="testng.TestngFactoryTest"/>
  <testcase name="testServer" time="0.006" classname="testng.TestngFactoryTest"/>
  <testcase name="testServer" time="0.002" classname="testng.TestngFactoryTest"/>
  <testcase name="testServer" time="0.002" classname="testng.TestngFactoryTest"/>
  <testcase name="testServer" time="0.001" classname="testng.TestngFactoryTest"/>
  <testcase name="testServer" time="0.001" classname="testng.TestngFactoryTest"/>
  <testcase name="testServer" time="0.002" classname="testng.TestngFactoryTest"/>
</testsuite> <!-- TestMethods -->
