<?xml version="1.0" encoding="UTF-8"?>
<testng-results skipped="0" failed="0" ignored="0" total="2" passed="2">
  <reporter-output>
  </reporter-output>
  <suite name="Default suite" duration-ms="38" started-at="2017-02-08T08:20:33Z" finished-at="2017-02-08T08:20:33Z">
    <groups>
    </groups>
    <test name="Default test" duration-ms="38" started-at="2017-02-08T08:20:33Z" finished-at="2017-02-08T08:20:33Z">
      <class name="testng.FactoryTest_PartII">
        <test-method status="PASS" signature="test1()[pri:0, instance:testng.FactoryTest_PartII@39aeed2f]" name="test1" duration-ms="13" started-at="2017-02-08T16:20:33Z" finished-at="2017-02-08T16:20:33Z">
          <reporter-output>
          </reporter-output>
        </test-method> <!-- test1 -->
        <test-method status="PASS" signature="test1()[pri:0, instance:testng.FactoryTest_PartII@724af044]" name="test1" duration-ms="2" started-at="2017-02-08T16:20:33Z" finished-at="2017-02-08T16:20:33Z">
          <reporter-output>
          </reporter-output>
        </test-method> <!-- test1 -->
      </class> <!-- testng.FactoryTest_PartII -->
    </test> <!-- Default test -->
  </suite> <!-- Default suite -->
</testng-results>
