<?xml version="1.0" encoding="UTF-8"?>
<testng-results skipped="0" failed="0" ignored="1" total="6" passed="5">
  <reporter-output>
  </reporter-output>
  <suite name="Default suite" duration-ms="34" started-at="2017-07-09T03:41:12Z" finished-at="2017-07-09T03:41:12Z">
    <groups>
    </groups>
    <test name="Default test" duration-ms="34" started-at="2017-07-09T03:41:12Z" finished-at="2017-07-09T03:41:12Z">
      <class name="testng.DataTest">
        <test-method status="PASS" signature="f(java.lang.Integer, java.lang.String)[pri:0, instance:testng.DataTest@39f31e]" name="f" duration-ms="10" started-at="2017-07-09T11:41:12Z" data-provider="simpletest" finished-at="2017-07-09T11:41:12Z">
          <params>
            <param index="0">
              <value>
                <![CDATA[1]]>
              </value>
            </param>
            <param index="1">
              <value>
                <![CDATA[a]]>
              </value>
            </param>
          </params>
          <reporter-output>
          </reporter-output>
        </test-method> <!-- f -->
        <test-method status="PASS" signature="f(java.lang.Integer, java.lang.String)[pri:0, instance:testng.DataTest@39f31e]" name="f" duration-ms="1" started-at="2017-07-09T11:41:12Z" data-provider="simpletest" finished-at="2017-07-09T11:41:12Z">
          <params>
            <param index="0">
              <value>
                <![CDATA[2]]>
              </value>
            </param>
            <param index="1">
              <value>
                <![CDATA[b]]>
              </value>
            </param>
          </params>
          <reporter-output>
          </reporter-output>
        </test-method> <!-- f -->
        <test-method status="PASS" signature="被依赖方法0()[pri:0, instance:testng.DataTest@39f31e]" name="被依赖方法0" duration-ms="0" started-at="2017-07-09T11:41:12Z" finished-at="2017-07-09T11:41:12Z">
          <reporter-output>
          </reporter-output>
        </test-method> <!-- 被依赖方法0 -->
        <test-method status="PASS" signature="被依赖方法1()[pri:0, instance:testng.DataTest@39f31e]" name="被依赖方法1" duration-ms="0" started-at="2017-07-09T11:41:12Z" depends-on-methods="testng.DataTest.被依赖方法0" finished-at="2017-07-09T11:41:12Z">
          <reporter-output>
          </reporter-output>
        </test-method> <!-- 被依赖方法1 -->
        <test-method status="PASS" signature="依赖别人的方法()[pri:0, instance:testng.DataTest@39f31e]" name="依赖别人的方法" duration-ms="1" started-at="2017-07-09T11:41:12Z" depends-on-methods="testng.DataTest.被依赖方法0, testng.DataTest.被依赖方法1" finished-at="2017-07-09T11:41:12Z">
          <reporter-output>
          </reporter-output>
        </test-method> <!-- 依赖别人的方法 -->
      </class> <!-- testng.DataTest -->
    </test> <!-- Default test -->
  </suite> <!-- Default suite -->
</testng-results>
